This is pdfTeX, Version 3.1415926-2.5-1.40.14 (TeX Live 2013/Debian) (format=pdflatex 2013.10.30)  12 NOV 2013 08:31
entering extended mode
 restricted \write18 enabled.
 %&-line parsing enabled.
**report.tex
(./report.tex
LaTeX2e <2011/06/27>
Babel <3.9f> and hyphenation patterns for 78 languages loaded.
(/usr/share/texlive/texmf-dist/tex/latex/base/article.cls
Document Class: article 2007/10/19 v1.4h Standard LaTeX document class
(/usr/share/texlive/texmf-dist/tex/latex/base/size12.clo
File: size12.clo 2007/10/19 v1.4h Standard LaTeX file (size option)
)
\c@part=\count79
\c@section=\count80
\c@subsection=\count81
\c@subsubsection=\count82
\c@paragraph=\count83
\c@subparagraph=\count84
\c@figure=\count85
\c@table=\count86
\abovecaptionskip=\skip41
\belowcaptionskip=\skip42
\bibindent=\dimen102
)
(/usr/share/texlive/texmf-dist/tex/latex/pdfscreen/pdfscreen.sty
Package: pdfscreen 2000/07/07 v.1.5 screen PDF design (CVR)

(/usr/share/texlive/texmf-dist/tex/latex/graphics/graphicx.sty
Package: graphicx 1999/02/16 v1.0f Enhanced LaTeX Graphics (DPC,SPQR)

(/usr/share/texlive/texmf-dist/tex/latex/graphics/keyval.sty
Package: keyval 1999/03/16 v1.13 key=value parser (DPC)
\KV@toks@=\toks14
)
(/usr/share/texlive/texmf-dist/tex/latex/graphics/graphics.sty
Package: graphics 2009/02/05 v1.0o Standard LaTeX Graphics (DPC,SPQR)

(/usr/share/texlive/texmf-dist/tex/latex/graphics/trig.sty
Package: trig 1999/03/16 v1.09 sin cos tan (DPC)
)
(/usr/share/texlive/texmf-dist/tex/latex/latexconfig/graphics.cfg
File: graphics.cfg 2010/04/23 v1.9 graphics configuration of TeX Live
)
Package graphics Info: Driver file: pdftex.def on input line 91.

(/usr/share/texlive/texmf-dist/tex/latex/pdftex-def/pdftex.def
File: pdftex.def 2011/05/27 v0.06d Graphics/color for pdfTeX

(/usr/share/texlive/texmf-dist/tex/generic/oberdiek/infwarerr.sty
Package: infwarerr 2010/04/08 v1.3 Providing info/warning/error messages (HO)
)
(/usr/share/texlive/texmf-dist/tex/generic/oberdiek/ltxcmds.sty
Package: ltxcmds 2011/11/09 v1.22 LaTeX kernel commands for general use (HO)
)
\Gread@gobject=\count87
))
\Gin@req@height=\dimen103
\Gin@req@width=\dimen104
)
(/usr/share/texlive/texmf-dist/tex/latex/graphics/color.sty
Package: color 2005/11/14 v1.0j Standard LaTeX Color (DPC)

(/usr/share/texlive/texmf-dist/tex/latex/latexconfig/color.cfg
File: color.cfg 2007/01/18 v1.5 color configuration of teTeX/TeXLive
)
Package color Info: Driver file: pdftex.def on input line 130.
)
(/usr/share/texlive/texmf-dist/tex/latex/tools/calc.sty
Package: calc 2007/08/22 v4.3 Infix arithmetic (KKT,FJ)
\calc@Acount=\count88
\calc@Bcount=\count89
\calc@Adimen=\dimen105
\calc@Bdimen=\dimen106
\calc@Askip=\skip43
\calc@Bskip=\skip44
LaTeX Info: Redefining \setlength on input line 76.
LaTeX Info: Redefining \addtolength on input line 77.
\calc@Ccount=\count90
\calc@Cskip=\skip45
)
(/usr/share/texlive/texmf-dist/tex/latex/comment/comment.sty
\CommentStream=\write3

Excluding comment 'comment')
\c@panel=\count91
\c@driver=\count92
\c@scheme=\count93

(/usr/share/texlive/texmf-dist/tex/latex/amsfonts/amssymb.sty
Package: amssymb 2013/01/14 v3.01 AMS font symbols

(/usr/share/texlive/texmf-dist/tex/latex/amsfonts/amsfonts.sty
Package: amsfonts 2013/01/14 v3.01 Basic AMSFonts support
\@emptytoks=\toks15
\symAMSa=\mathgroup4
\symAMSb=\mathgroup5
LaTeX Font Info:    Overwriting math alphabet `\mathfrak' in version `bold'
(Font)                  U/euf/m/n --> U/euf/b/n on input line 106.
))
(/usr/share/texlive/texmf-dist/tex/latex/hyperref/hyperref.sty
Package: hyperref 2012/11/06 v6.83m Hypertext links for LaTeX

(/usr/share/texlive/texmf-dist/tex/generic/oberdiek/hobsub-hyperref.sty
Package: hobsub-hyperref 2012/05/28 v1.13 Bundle oberdiek, subset hyperref (HO)


(/usr/share/texlive/texmf-dist/tex/generic/oberdiek/hobsub-generic.sty
Package: hobsub-generic 2012/05/28 v1.13 Bundle oberdiek, subset generic (HO)
Package: hobsub 2012/05/28 v1.13 Construct package bundles (HO)
Package hobsub Info: Skipping package `infwarerr' (already loaded).
Package hobsub Info: Skipping package `ltxcmds' (already loaded).
Package: ifluatex 2010/03/01 v1.3 Provides the ifluatex switch (HO)
Package ifluatex Info: LuaTeX not detected.
Package: ifvtex 2010/03/01 v1.5 Detect VTeX and its facilities (HO)
Package ifvtex Info: VTeX not detected.
Package: intcalc 2007/09/27 v1.1 Expandable calculations with integers (HO)
Package: ifpdf 2011/01/30 v2.3 Provides the ifpdf switch (HO)
Package ifpdf Info: pdfTeX in PDF mode is detected.
Package: etexcmds 2011/02/16 v1.5 Avoid name clashes with e-TeX commands (HO)
Package etexcmds Info: Could not find \expanded.
(etexcmds)             That can mean that you are not using pdfTeX 1.50 or
(etexcmds)             that some package has redefined \expanded.
(etexcmds)             In the latter case, load this package earlier.
Package: kvsetkeys 2012/04/25 v1.16 Key value parser (HO)
Package: kvdefinekeys 2011/04/07 v1.3 Define keys (HO)
Package: pdftexcmds 2011/11/29 v0.20 Utility functions of pdfTeX for LuaTeX (HO
)
Package pdftexcmds Info: LuaTeX not detected.
Package pdftexcmds Info: \pdf@primitive is available.
Package pdftexcmds Info: \pdf@ifprimitive is available.
Package pdftexcmds Info: \pdfdraftmode found.
Package: pdfescape 2011/11/25 v1.13 Implements pdfTeX's escape features (HO)
Package: bigintcalc 2012/04/08 v1.3 Expandable calculations on big integers (HO
)
Package: bitset 2011/01/30 v1.1 Handle bit-vector datatype (HO)
Package: uniquecounter 2011/01/30 v1.2 Provide unlimited unique counter (HO)
)
Package hobsub Info: Skipping package `hobsub' (already loaded).
Package: letltxmacro 2010/09/02 v1.4 Let assignment for LaTeX macros (HO)
Package: hopatch 2012/05/28 v1.2 Wrapper for package hooks (HO)
Package: xcolor-patch 2011/01/30 xcolor patch
Package: atveryend 2011/06/30 v1.8 Hooks at the very end of document (HO)
Package atveryend Info: \enddocument detected (standard20110627).
Package: atbegshi 2011/10/05 v1.16 At begin shipout hook (HO)
Package: refcount 2011/10/16 v3.4 Data extraction from label references (HO)
Package: hycolor 2011/01/30 v1.7 Color options for hyperref/bookmark (HO)
)
(/usr/share/texlive/texmf-dist/tex/generic/ifxetex/ifxetex.sty
Package: ifxetex 2010/09/12 v0.6 Provides ifxetex conditional
)
(/usr/share/texlive/texmf-dist/tex/latex/oberdiek/auxhook.sty
Package: auxhook 2011/03/04 v1.3 Hooks for auxiliary files (HO)
)
(/usr/share/texlive/texmf-dist/tex/latex/oberdiek/kvoptions.sty
Package: kvoptions 2011/06/30 v3.11 Key value format for package options (HO)
)
\@linkdim=\dimen107
\Hy@linkcounter=\count94
\Hy@pagecounter=\count95

(/usr/share/texlive/texmf-dist/tex/latex/hyperref/pd1enc.def
File: pd1enc.def 2012/11/06 v6.83m Hyperref: PDFDocEncoding definition (HO)
)
\Hy@SavedSpaceFactor=\count96

(/usr/share/texlive/texmf-dist/tex/latex/latexconfig/hyperref.cfg
File: hyperref.cfg 2002/06/06 v1.2 hyperref configuration of TeXLive
)
Package hyperref Info: Option `bookmarksopen' set `true' on input line 4319.
Package hyperref Info: Option `colorlinks' set `true' on input line 4319.
Package hyperref Info: Hyper figures OFF on input line 4443.
Package hyperref Info: Link nesting OFF on input line 4448.
Package hyperref Info: Hyper index ON on input line 4451.
Package hyperref Info: Plain pages OFF on input line 4458.
Package hyperref Info: Backreferencing OFF on input line 4463.
Package hyperref Info: Implicit mode ON; LaTeX internals redefined.
Package hyperref Info: Bookmarks ON on input line 4688.
\c@Hy@tempcnt=\count97

(/usr/share/texlive/texmf-dist/tex/latex/url/url.sty
\Urlmuskip=\muskip10
Package: url 2006/04/12  ver 3.3  Verb mode for urls, etc.
)
LaTeX Info: Redefining \url on input line 5041.
\XeTeXLinkMargin=\dimen108
\Fld@menulength=\count98
\Field@Width=\dimen109
\Fld@charsize=\dimen110
Package hyperref Info: Hyper figures OFF on input line 6295.
Package hyperref Info: Link nesting OFF on input line 6300.
Package hyperref Info: Hyper index ON on input line 6303.
Package hyperref Info: backreferencing OFF on input line 6310.
Package hyperref Info: Link coloring ON on input line 6313.
Package hyperref Info: Link coloring with OCG OFF on input line 6320.
Package hyperref Info: PDF/A mode OFF on input line 6325.
LaTeX Info: Redefining \ref on input line 6365.
LaTeX Info: Redefining \pageref on input line 6369.
\Hy@abspage=\count99
\c@Item=\count100
\c@Hfootnote=\count101
)

Package hyperref Message: Driver: hpdftex.

(/usr/share/texlive/texmf-dist/tex/latex/hyperref/hpdftex.def
File: hpdftex.def 2012/11/06 v6.83m Hyperref driver for pdfTeX
\Fld@listcount=\count102
\c@bookmark@seq@number=\count103

(/usr/share/texlive/texmf-dist/tex/latex/oberdiek/rerunfilecheck.sty
Package: rerunfilecheck 2011/04/15 v1.7 Rerun checks for auxiliary files (HO)
Package uniquecounter Info: New unique counter `rerunfilecheck' on input line 2
82.
)
\Hy@SectionHShift=\skip46
)
Include comment 'print' Excluding comment 'screen'
(/usr/share/texlive/texmf-dist/tex/latex/fancybox/fancybox.sty
Package: fancybox 2010/05/15 1.4

Style option: `fancybox' v1.4 <2010/05/15> (tvz)
\@fancybox=\box26
\shadowsize=\dimen111
\@Sbox=\box27
\do@VerbBox=\toks16
\the@fancyput=\toks17
\this@fancyput=\toks18
\EndVerbatimTokens=\toks19
\Verbatim@Outfile=\write4
\Verbatim@Infile=\read1
)
\@PDFmpht=\dimen112
\c@slide=\count104
\c@slideoverlay=\count105
)
\openout3 = `comment.cut'.

 (./comment.cut
(/usr/share/texlive/texmf-dist/tex/latex/lastpage/lastpage.sty
Package: lastpage 2013/01/28 v1.2l Refers to last page's name (HMM; JPG)
)
(./macro/macro.sty)
(/usr/share/texlive/texmf-dist/tex/latex/fancyhdr/fancyhdr.sty
\fancy@headwidth=\skip47
\f@ncyO@elh=\skip48
\f@ncyO@erh=\skip49
\f@ncyO@olh=\skip50
\f@ncyO@orh=\skip51
\f@ncyO@elf=\skip52
\f@ncyO@erf=\skip53
\f@ncyO@olf=\skip54
\f@ncyO@orf=\skip55
)
(/usr/share/texlive/texmf-dist/tex/latex/tools/verbatim.sty
Package: verbatim 2003/08/22 v1.5q LaTeX2e package for verbatim enhancements
\every@verbatim=\toks20
\verbatim@line=\toks21
\verbatim@in@stream=\read2
)
(/usr/share/texlive/texmf-dist/tex/latex/geometry/geometry.sty
Package: geometry 2010/09/12 v5.6 Page Geometry
\Gm@cnth=\count106
\Gm@cntv=\count107
\c@Gm@tempcnt=\count108
\Gm@bindingoffset=\dimen113
\Gm@wd@mp=\dimen114
\Gm@odd@mp=\dimen115
\Gm@even@mp=\dimen116
\Gm@layoutwidth=\dimen117
\Gm@layoutheight=\dimen118
\Gm@layouthoffset=\dimen119
\Gm@layoutvoffset=\dimen120
\Gm@dimlist=\toks22
)) (./report.aux

LaTeX Warning: Label `' multiply defined.


LaTeX Warning: Label `' multiply defined.


LaTeX Warning: Label `' multiply defined.


LaTeX Warning: Label `' multiply defined.

)
\openout1 = `report.aux'.

LaTeX Font Info:    Checking defaults for OML/cmm/m/it on input line 25.
LaTeX Font Info:    ... okay on input line 25.
LaTeX Font Info:    Checking defaults for T1/cmr/m/n on input line 25.
LaTeX Font Info:    ... okay on input line 25.
LaTeX Font Info:    Checking defaults for OT1/cmr/m/n on input line 25.
LaTeX Font Info:    ... okay on input line 25.
LaTeX Font Info:    Checking defaults for OMS/cmsy/m/n on input line 25.
LaTeX Font Info:    ... okay on input line 25.
LaTeX Font Info:    Checking defaults for OMX/cmex/m/n on input line 25.
LaTeX Font Info:    ... okay on input line 25.
LaTeX Font Info:    Checking defaults for U/cmr/m/n on input line 25.
LaTeX Font Info:    ... okay on input line 25.
LaTeX Font Info:    Checking defaults for PD1/pdf/m/n on input line 25.
LaTeX Font Info:    ... okay on input line 25.
 (/usr/share/texlive/texmf-dist/tex/context/base/supp-pdf.mkii
[Loading MPS to PDF converter (version 2006.09.02).]
\scratchcounter=\count109
\scratchdimen=\dimen121
\scratchbox=\box28
\nofMPsegments=\count110
\nofMParguments=\count111
\everyMPshowfont=\toks23
\MPscratchCnt=\count112
\MPscratchDim=\dimen122
\MPnumerator=\count113
\makeMPintoPDFobject=\count114
\everyMPtoPDFconversion=\toks24
) (/usr/share/texlive/texmf-dist/tex/latex/oberdiek/epstopdf-base.sty
Package: epstopdf-base 2010/02/09 v2.5 Base part for package epstopdf

(/usr/share/texlive/texmf-dist/tex/latex/oberdiek/grfext.sty
Package: grfext 2010/08/19 v1.1 Manage graphics extensions (HO)
)
Package grfext Info: Graphics extension search list:
(grfext)             [.png,.pdf,.jpg,.mps,.jpeg,.jbig2,.jb2,.PNG,.PDF,.JPG,.JPE
G,.JBIG2,.JB2,.eps]
(grfext)             \AppendGraphicsExtensions on input line 452.

(/usr/share/texlive/texmf-dist/tex/latex/latexconfig/epstopdf-sys.cfg
File: epstopdf-sys.cfg 2010/07/13 v1.3 Configuration of (r)epstopdf for TeX Liv
e
))
\AtBeginShipoutBox=\box29
Package hyperref Info: Link coloring ON on input line 25.

(/usr/share/texlive/texmf-dist/tex/latex/hyperref/nameref.sty
Package: nameref 2012/10/27 v2.43 Cross-referencing by name of section

(/usr/share/texlive/texmf-dist/tex/generic/oberdiek/gettitlestring.sty
Package: gettitlestring 2010/12/03 v1.4 Cleanup title references (HO)
)
\c@section@level=\count115
)
LaTeX Info: Redefining \ref on input line 25.
LaTeX Info: Redefining \pageref on input line 25.
LaTeX Info: Redefining \nameref on input line 25.

(./report.out) (./report.out)
\@outlinefile=\write5
\openout5 = `report.out'.

Package lastpage Info: Please have a look at the pageslts package at
(lastpage)             http://www.ctan.org/tex-archive/ 
(lastpage)             macros/latex/contrib/pageslts/ 
(lastpage)             or
(lastpage)             http://www.ctan.org/tex-archive/ 
(lastpage)             install/macros/latex/contrib/pageslts.tds.zip
(lastpage)             ! on input line 25.

*geometry* driver: auto-detecting
*geometry* detected driver: pdftex
*geometry* verbose mode - [ preamble ] result:
* driver: pdftex
* paper: <default>
* layout: <same size as paper>
* layoutoffset:(h,v)=(0.0pt,0.0pt)
* modes: 
* h-part:(L,W,R)=(71.13188pt, 500.484pt, 42.67912pt)
* v-part:(T,H,B)=(42.67912pt, 709.61174pt, 42.67912pt)
* \paperwidth=614.295pt
* \paperheight=794.96999pt
* \textwidth=500.484pt
* \textheight=709.61174pt
* \oddsidemargin=-1.1381pt
* \evensidemargin=-1.1381pt
* \topmargin=-66.59087pt
* \headheight=12.0pt
* \headsep=25.0pt
* \topskip=12.0pt
* \footskip=30.0pt
* \marginparwidth=44.0pt
* \marginparsep=10.0pt
* \columnsep=10.0pt
* \skip\footins=10.8pt plus 4.0pt minus 2.0pt
* \hoffset=0.0pt
* \voffset=0.0pt
* \mag=1000
* \@twocolumnfalse
* \@twosidefalse
* \@mparswitchfalse
* \@reversemarginfalse
* (1in=72.27pt=25.4mm, 1cm=28.453pt)

(./input/titlepage.tex) <images/gne.jpg, id=237, 160.6pt x 167.62625pt>
File: images/gne.jpg Graphic file (type jpg)

<use images/gne.jpg>
Package pdftex.def Info: images/gne.jpg used on input line 32.
(pdftex.def)             Requested size: 112.41922pt x 117.33755pt.
LaTeX Font Info:    Try loading font information for U+msa on input line 32.
 (/usr/share/texlive/texmf-dist/tex/latex/amsfonts/umsa.fd
File: umsa.fd 2013/01/14 v3.01 AMS symbols A
)
LaTeX Font Info:    Try loading font information for U+msb on input line 32.
(/usr/share/texlive/texmf-dist/tex/latex/amsfonts/umsb.fd
File: umsb.fd 2013/01/14 v3.01 AMS symbols B
) [1

{/var/lib/texmf/fonts/map/pdftex/updmap/pdftex.map} <./images/gne.jpg>]
(./input/Acknowledgement.tex
Underfull \hbox (badness 10000) in paragraph at lines 4--7

 []


Underfull \hbox (badness 10000) in paragraph at lines 4--7

 []


Underfull \hbox (badness 10000) in paragraph at lines 4--7

 []


Underfull \hbox (badness 10000) in paragraph at lines 4--7

 []

)

Package Fancyhdr Warning: \headheight is too small (12.0pt): 
 Make it at least 18.0pt.
 We now make it that large for the rest of the document.
 This may cause the page layout to be inconsistent, however.

[1] (./input/abstract.tex
Missing character: There is no ‚ in font cmr12!
Missing character: There is no Ä in font cmr12!
Missing character: There is no ò in font cmr12!
Missing character: There is no ‚ in font cmr12!
Missing character: There is no Ä in font cmr12!
Missing character: There is no ô in font cmr12!
Missing character: There is no ‚ in font cmr12!
Missing character: There is no Ä in font cmr12!
Missing character: There is no ò in font cmr12!
Missing character: There is no ‚ in font cmr12!
Missing character: There is no Ä in font cmr12!
Missing character: There is no ô in font cmr12!
)
Underfull \hbox (badness 10000) in paragraph at lines 4--42

 []


Underfull \hbox (badness 10000) in paragraph at lines 4--42

 []


Underfull \hbox (badness 10000) in paragraph at lines 4--42

 []


Underfull \hbox (badness 10000) in paragraph at lines 4--42

 []


Package Fancyhdr Warning: \headheight is too small (12.0pt): 
 Make it at least 18.0pt.
 We now make it that large for the rest of the document.
 This may cause the page layout to be inconsistent, however.

[2] (./report.toc

Package Fancyhdr Warning: \headheight is too small (12.0pt): 
 Make it at least 18.0pt.
 We now make it that large for the rest of the document.
 This may cause the page layout to be inconsistent, however.

[3])
\tf@toc=\write6
\openout6 = `report.toc'.



Package Fancyhdr Warning: \headheight is too small (12.0pt): 
 Make it at least 18.0pt.
 We now make it that large for the rest of the document.
 This may cause the page layout to be inconsistent, however.

[4] (./report.lof)
\tf@lof=\write7
\openout7 = `report.lof'.



Package Fancyhdr Warning: \headheight is too small (12.0pt): 
 Make it at least 18.0pt.
 We now make it that large for the rest of the document.
 This may cause the page layout to be inconsistent, however.

[5] (./input/organisation.tex
<images/gndec.jpg, id=399, 301.125pt x 225.84375pt>
File: images/gndec.jpg Graphic file (type jpg)
 <use images/gndec.jpg>
Package pdftex.def Info: images/gndec.jpg used on input line 1.
(pdftex.def)             Requested size: 210.78606pt x 158.08954pt.

Underfull \hbox (badness 10000) in paragraph at lines 2--19

 []


Underfull \hbox (badness 10000) in paragraph at lines 2--19

 []


Underfull \hbox (badness 10000) in paragraph at lines 2--19

 []


Underfull \hbox (badness 10000) in paragraph at lines 2--19

 []

LaTeX Font Info:    Try loading font information for OMS+cmr on input line 20.
(/usr/share/texlive/texmf-dist/tex/latex/base/omscmr.fd
File: omscmr.fd 1999/05/25 v2.5h Standard LaTeX font definitions
)
LaTeX Font Info:    Font shape `OMS/cmr/m/n' in size <12> not available
(Font)              Font shape `OMS/cmsy/m/n' tried instead on input line 20.

<images/aw.jpg, id=400, 500.87125pt x 232.87pt>
File: images/aw.jpg Graphic file (type jpg)
 <use images/aw.jpg>
Package pdftex.def Info: images/aw.jpg used on input line 33.
(pdftex.def)             Requested size: 450.77994pt x 209.58104pt.

Underfull \hbox (badness 10000) in paragraph at lines 27--43

 []


Underfull \hbox (badness 10000) in paragraph at lines 27--43

 []


Package Fancyhdr Warning: \headheight is too small (12.0pt): 
 Make it at least 18.0pt.
 We now make it that large for the rest of the document.
 This may cause the page layout to be inconsistent, however.

pdfTeX warning (ext4): destination with the same identifier (name{page.1}) has 
been already used, duplicate ignored
<to be read again> 
                   \relax 
l.43 \begin{itemize}
                     [1 <./images/gndec.jpg>])

Package Fancyhdr Warning: \headheight is too small (12.0pt): 
 Make it at least 18.0pt.
 We now make it that large for the rest of the document.
 This may cause the page layout to be inconsistent, however.

[2 <./images/aw.jpg>] (./input/Introduction.tex
<images/souvenir.png, id=410, 966.61125pt x 752.8125pt>
File: images/souvenir.png Graphic file (type png)

<use images/souvenir.png>
Package pdftex.def Info: images/souvenir.png used on input line 3.
(pdftex.def)             Requested size: 450.43253pt x 350.80084pt.

Underfull \hbox (badness 10000) in paragraph at lines 6--29

 []


Underfull \hbox (badness 10000) in paragraph at lines 6--29

 []


Underfull \hbox (badness 10000) in paragraph at lines 6--29

 []


Underfull \hbox (badness 10000) in paragraph at lines 6--29

 []


Underfull \hbox (badness 10000) in paragraph at lines 6--29

 []


Underfull \hbox (badness 10000) in paragraph at lines 6--29

 []


Underfull \hbox (badness 10000) in paragraph at lines 6--29

 []


Package Fancyhdr Warning: \headheight is too small (12.0pt): 
 Make it at least 18.0pt.
 We now make it that large for the rest of the document.
 This may cause the page layout to be inconsistent, however.

[3 <./images/souvenir.png>]
Missing character: There is no ‚ in font cmr12!
Missing character: There is no Ä in font cmr12!
Missing character: There is no ù in font cmr12!
Missing character: There is no ‚ in font cmr12!
Missing character: There is no Ä in font cmr12!
Missing character: There is no ù in font cmr12!

<images/imposition.png, id=415, 565.11125pt x 217.81375pt>
File: images/imposition.png Graphic file (type png)

<use images/imposition.png>
Package pdftex.def Info: images/imposition.png used on input line 44.
(pdftex.def)             Requested size: 508.59541pt x 196.03055pt.

Overfull \hbox (8.11142pt too wide) in paragraph at lines 44--44
 [][] 
 []


Underfull \hbox (badness 10000) in paragraph at lines 41--49

 []


Underfull \hbox (badness 10000) in paragraph at lines 41--49

 []


Underfull \hbox (badness 10000) in paragraph at lines 41--49

 []


Underfull \hbox (badness 10000) in paragraph at lines 41--49

 []


Package Fancyhdr Warning: \headheight is too small (12.0pt): 
 Make it at least 18.0pt.
 We now make it that large for the rest of the document.
 This may cause the page layout to be inconsistent, however.

[4 <./images/imposition.png>])
Underfull \hbox (badness 10000) in paragraph at lines 67--58

 []


Package Fancyhdr Warning: \headheight is too small (12.0pt): 
 Make it at least 18.0pt.
 We now make it that large for the rest of the document.
 This may cause the page layout to be inconsistent, however.

[5] (./input/django.tex <images/dl.png, id=424, 1204.5pt x 548.0475pt>
File: images/dl.png Graphic file (type png)

<use images/dl.png>
Package pdftex.def Info: images/dl.png used on input line 2.
(pdftex.def)             Requested size: 240.89574pt x 109.60754pt.
Missing character: There is no ‚ in font cmr12!
Missing character: There is no Ä in font cmr12!
Missing character: There is no ô in font cmr12!
Missing character: There is no ‚ in font cmr12!
Missing character: There is no Ä in font cmr12!
Missing character: There is no ô in font cmr12!
Missing character: There is no ‚ in font cmr12!
Missing character: There is no Ä in font cmr12!
Missing character: There is no ô in font cmr12!

Underfull \hbox (badness 10000) in paragraph at lines 3--22

 []


Underfull \hbox (badness 10000) in paragraph at lines 3--22

 []


Underfull \hbox (badness 10000) in paragraph at lines 23--26

 []


Underfull \hbox (badness 10000) in paragraph at lines 27--28

 []


Underfull \hbox (badness 10000) in paragraph at lines 30--31

 []


Underfull \hbox (badness 10000) in paragraph at lines 33--34

 []


Underfull \hbox (badness 10000) in paragraph at lines 36--37

 []


Underfull \hbox (badness 10000) in paragraph at lines 40--43

 []


Underfull \hbox (badness 10000) in paragraph at lines 40--43

 []


Package Fancyhdr Warning: \headheight is too small (12.0pt): 
 Make it at least 18.0pt.
 We now make it that large for the rest of the document.
 This may cause the page layout to be inconsistent, however.

[6 <./images/dl.png>]
Missing character: There is no ‚ in font cmr12!
Missing character: There is no Ä in font cmr12!
Missing character: There is no ô in font cmr12!
Missing character: There is no ‚ in font cmr12!
Missing character: There is no Ä in font cmr12!
Missing character: There is no ô in font cmr12!
Missing character: There is no ‚ in font cmr12!
Missing character: There is no Ä in font cmr12!
Missing character: There is no ô in font cmr12!
Missing character: There is no ‚ in font cmr12!
Missing character: There is no Ä in font cmr12!
Missing character: There is no ô in font cmr12!
Missing character: There is no ‚ in font cmr12!
Missing character: There is no Ä in font cmr12!
Missing character: There is no ì in font cmr12!
Missing character: There is no ‚ in font cmr12!
Missing character: There is no Ä in font cmr12!
Missing character: There is no ô in font cmr12!

Underfull \hbox (badness 10000) in paragraph at lines 71--80

 []


Underfull \hbox (badness 10000) in paragraph at lines 71--80

 []


Underfull \hbox (badness 10000) in paragraph at lines 81--90

 []


Underfull \hbox (badness 10000) in paragraph at lines 81--90

 []


Package Fancyhdr Warning: \headheight is too small (12.0pt): 
 Make it at least 18.0pt.
 We now make it that large for the rest of the document.
 This may cause the page layout to be inconsistent, however.

[7]
Underfull \hbox (badness 10000) in paragraph at lines 92--97

 []


Overfull \hbox (75.21849pt too wide) in paragraph at lines 113--126
\OT1/cmr/m/n/12 If you're new to databases, we rec-om-mend sim-ply us-ing SQLit
e by set-ting EN-GINE to `django.db.backends.sqlite3'
 []


Underfull \hbox (badness 10000) in paragraph at lines 113--126

 []


Underfull \hbox (badness 10000) in paragraph at lines 113--126

 []


Underfull \hbox (badness 10000) in paragraph at lines 113--126

 []


Underfull \hbox (badness 10000) in paragraph at lines 113--126

 []


Underfull \hbox (badness 10000) in paragraph at lines 136--147

 []


Underfull \hbox (badness 10000) in paragraph at lines 136--147

 []


Underfull \hbox (badness 10000) in paragraph at lines 136--147

 []


Package Fancyhdr Warning: \headheight is too small (12.0pt): 
 Make it at least 18.0pt.
 We now make it that large for the rest of the document.
 This may cause the page layout to be inconsistent, however.

[8]
Underfull \hbox (badness 10000) in paragraph at lines 149--152

 []


Underfull \hbox (badness 10000) in paragraph at lines 149--152

 []


Package Fancyhdr Warning: \headheight is too small (12.0pt): 
 Make it at least 18.0pt.
 We now make it that large for the rest of the document.
 This may cause the page layout to be inconsistent, however.

[9]
Overfull \hbox (105.94528pt too wide) in paragraph at lines 184--185
[]\OT1/cmr/m/n/12 Optionally cus-tomize $\OML/cmm/m/it/12 avatar=change:html$\O
T1/cmr/m/n/12 , $\OML/cmm/m/it/12 avatar=save:html$\OT1/cmr/m/n/12 , $\OML/cmm/
m/it/12 avatar=crop:html$ \OT1/cmr/m/n/12 and $\OML/cmm/m/it/12 avatar=confirm[
]elete:html$
 []


Underfull \hbox (badness 10000) in paragraph at lines 190--196

 []


Underfull \hbox (badness 10000) in paragraph at lines 190--196

 []


Underfull \hbox (badness 10000) in paragraph at lines 190--196

 []


Underfull \hbox (badness 10000) in paragraph at lines 190--196

 []

)

Package Fancyhdr Warning: \headheight is too small (12.0pt): 
 Make it at least 18.0pt.
 We now make it that large for the rest of the document.
 This may cause the page layout to be inconsistent, however.

[10] (./input/python.tex <images/python.png, id=449, 584.584pt x 310.761pt>
File: images/python.png Graphic file (type png)

<use images/python.png>
Package pdftex.def Info: images/python.png used on input line 3.
(pdftex.def)             Requested size: 250.24199pt x 133.02715pt.

Underfull \hbox (badness 10000) in paragraph at lines 8--20

 []


Underfull \hbox (badness 10000) in paragraph at lines 8--20

 []


Underfull \hbox (badness 10000) in paragraph at lines 8--20

 []


Underfull \hbox (badness 10000) in paragraph at lines 8--20

 []


Underfull \hbox (badness 10000) in paragraph at lines 8--20

 []

)

Package Fancyhdr Warning: \headheight is too small (12.0pt): 
 Make it at least 18.0pt.
 We now make it that large for the rest of the document.
 This may cause the page layout to be inconsistent, however.

[11 <./images/python.png>] (./input/latex.tex
<images/latex.png, id=456, 803.0pt x 334.24875pt>
File: images/latex.png Graphic file (type png)
 <use images/latex.png>
Package pdftex.def Info: images/latex.png used on input line 2.
(pdftex.def)             Requested size: 160.59715pt x 66.84856pt.
Missing character: There is no À in font cmr12!
Missing character: There is no à in font cmr12!
Missing character: There is no … in font cmr12!
Missing character: There is no ™ in font cmr12!
Missing character: There is no … in font cmr12!
Missing character: There is no õ in font cmr12!
Missing character: There is no À in font cmr12!
Missing character: There is no à in font cmr12!
Missing character: There is no … in font cmr12!
Missing character: There is no ™ in font cmr12!
Missing character: There is no … in font cmr12!
Missing character: There is no õ in font cmr12!
Missing character: There is no À in font cmr12!
Missing character: There is no à in font cmr12!
Missing character: There is no … in font cmr12!
Missing character: There is no ë in font cmr12!
Missing character: There is no À in font cmr12!
Missing character: There is no ê in font cmr12!
Missing character: There is no … in font cmr12!
Missing character: There is no õ in font cmr12!
Missing character: There is no À in font cmr12!
Missing character: There is no à in font cmr12!
Missing character: There is no … in font cmr12!
Missing character: There is no ë in font cmr12!
Missing character: There is no À in font cmr12!
Missing character: There is no ê in font cmr12!
Missing character: There is no … in font cmr12!
Missing character: There is no õ in font cmr12!

<images/donald.jpg, id=457, 200.75pt x 250.9375pt>
File: images/donald.jpg Graphic file (type jpg)
 <use images/donald.jpg>
Package pdftex.def Info: images/donald.jpg used on input line 9.
(pdftex.def)             Requested size: 80.29857pt x 100.37321pt.


Package Fancyhdr Warning: \headheight is too small (12.0pt): 
 Make it at least 18.0pt.
 We now make it that large for the rest of the document.
 This may cause the page layout to be inconsistent, however.

[12 <./images/latex.png> <./images/donald.jpg>]
<images/latexoutput.png, id=465, 860.21375pt x 407.5225pt>
File: images/latexoutput.png Graphic file (type png)

<use images/latexoutput.png>
Package pdftex.def Info: images/latexoutput.png used on input line 56.
(pdftex.def)             Requested size: 430.10582pt x 203.76074pt.

Underfull \hbox (badness 10000) in paragraph at lines 60--62

 []


Underfull \hbox (badness 10000) in paragraph at lines 62--65

 []


Underfull \hbox (badness 10000) in paragraph at lines 62--65

 []


Underfull \hbox (badness 10000) in paragraph at lines 65--67

 []


Underfull \hbox (badness 10000) in paragraph at lines 65--67

 []


Underfull \hbox (badness 10000) in paragraph at lines 67--68

 []


Underfull \hbox (badness 10000) in paragraph at lines 67--68

 []


Package Fancyhdr Warning: \headheight is too small (12.0pt): 
 Make it at least 18.0pt.
 We now make it that large for the rest of the document.
 This may cause the page layout to be inconsistent, however.

[13 <./images/latexoutput.png>]
Underfull \hbox (badness 10000) in paragraph at lines 68--74

 []


Underfull \hbox (badness 10000) in paragraph at lines 68--74

 []

<images/texmaker.png, id=472, 642.4pt x 465.74pt>
File: images/texmaker.png Graphic file (type png)
 <use images/texmaker.png>
Package pdftex.def Info: images/texmaker.png used on input line 80.
(pdftex.def)             Requested size: 256.95544pt x 186.2927pt.

<images/led.png, id=473, 562.1pt x 353.32pt>
File: images/led.png Graphic file (type png)
 <use images/led.png>
Package pdftex.def Info: images/led.png used on input line 82.
(pdftex.def)             Requested size: 281.04932pt x 176.65956pt.


LaTeX Warning: `h' float specifier changed to `ht'.


Underfull \hbox (badness 10000) in paragraph at lines 87--88

 []


Package Fancyhdr Warning: \headheight is too small (12.0pt): 
 Make it at least 18.0pt.
 We now make it that large for the rest of the document.
 This may cause the page layout to be inconsistent, however.

[14 <./images/texmaker.png>]

Package Fancyhdr Warning: \headheight is too small (12.0pt): 
 Make it at least 18.0pt.
 We now make it that large for the rest of the document.
 This may cause the page layout to be inconsistent, however.

[15 <./images/led.png (PNG copy)>]

LaTeX Warning: Characters dropped after `\end{verbatim}' on input line 124.

<images/3d.png, id=484, 715.67375pt x 686.565pt>
File: images/3d.png Graphic file (type png)
 <use images/3d.png>
Package pdftex.def Info: images/3d.png used on input line 125.
(pdftex.def)             Requested size: 286.26442pt x 274.62112pt.
Missing character: There is no ‚ in font cmr12!
Missing character: There is no Ä in font cmr12!
Missing character: There is no ô in font cmr12!

Underfull \hbox (badness 10000) in paragraph at lines 129--136

 []


Underfull \hbox (badness 10000) in paragraph at lines 129--136

 []


Underfull \hbox (badness 10000) in paragraph at lines 129--136

 []


Package Fancyhdr Warning: \headheight is too small (12.0pt): 
 Make it at least 18.0pt.
 We now make it that large for the rest of the document.
 This may cause the page layout to be inconsistent, however.

[16 <./images/3d.png>] <images/webgraphic.png, id=489, 367.3725pt x 200.75pt>
File: images/webgraphic.png Graphic file (type png)

<use images/webgraphic.png>
Package pdftex.def Info: images/webgraphic.png used on input line 154.
(pdftex.def)             Requested size: 183.68579pt x 100.37474pt.
)

Package Fancyhdr Warning: \headheight is too small (12.0pt): 
 Make it at least 18.0pt.
 We now make it that large for the rest of the document.
 This may cause the page layout to be inconsistent, however.

[17 <./images/webgraphic.png>] (./input/php.tex
<images/php.png, id=494, 556.26pt x 293.46pt>
File: images/php.png Graphic file (type png)
 <use images/php.png>
Package pdftex.def Info: images/php.png used on input line 1.
(pdftex.def)             Requested size: 166.87929pt x 88.03868pt.


LaTeX Warning: Characters dropped after `\end{verbatim}' on input line 5.


LaTeX Warning: Characters dropped after `\end{verbatim}' on input line 9.


Underfull \hbox (badness 10000) in paragraph at lines 10--11

 []

Missing character: There is no ‚ in font cmr12!
Missing character: There is no Ä in font cmr12!
Missing character: There is no ù in font cmr12!
Missing character: There is no ‚ in font cmr12!
Missing character: There is no Ä in font cmr12!
Missing character: There is no ù in font cmr12!

LaTeX Warning: Characters dropped after `\end{verbatim}' on input line 25.

Missing character: There is no ‚ in font cmr12!
Missing character: There is no Ä in font cmr12!
Missing character: There is no ù in font cmr12!
Missing character: There is no ‚ in font cmr12!
Missing character: There is no Ä in font cmr12!
Missing character: There is no ù in font cmr12!

LaTeX Warning: Characters dropped after `\end{verbatim}' on input line 32.


Overfull \hbox (19.9023pt too wide) in paragraph at lines 37--39
\OT1/cmr/m/n/12 ,in XHTM-Land other XML-doc-u-ments, cre-ates cor-rectly formed
 XML-pro-cess-ing in-struc-tions.Therefore,
 []


Package Fancyhdr Warning: \headheight is too small (12.0pt): 
 Make it at least 18.0pt.
 We now make it that large for the rest of the document.
 This may cause the page layout to be inconsistent, however.

[18 <./images/php.png>]

LaTeX Warning: Characters dropped after `\end{verbatim}' on input line 41.


LaTeX Warning: Characters dropped after `\end{verbatim}' on input line 45.

Missing character: There is no ‚ in font cmr12!
Missing character: There is no Ä in font cmr12!
Missing character: There is no ù in font cmr12!
Missing character: There is no ‚ in font cmr12!
Missing character: There is no Ä in font cmr12!
Missing character: There is no ù in font cmr12!
Missing character: There is no ‚ in font cmr12!
Missing character: There is no Ä in font cmr12!
Missing character: There is no ô in font cmr12!

Underfull \hbox (badness 10000) in paragraph at lines 46--49

 []


Underfull \hbox (badness 10000) in paragraph at lines 46--49

 []


LaTeX Warning: Characters dropped after `\end{verbatim}' on input line 53.


LaTeX Warning: Characters dropped after `\end{verbatim}' on input line 68.

Missing character: There is no ‚ in font cmr12!
Missing character: There is no Ä in font cmr12!
Missing character: There is no ù in font cmr12!
Missing character: There is no ‚ in font cmr12!
Missing character: There is no Ä in font cmr12!
Missing character: There is no ù in font cmr12!
Missing character: There is no ‚ in font cmr12!
Missing character: There is no Ä in font cmr12!
Missing character: There is no ù in font cmr12!
Missing character: There is no ‚ in font cmr12!
Missing character: There is no Ä in font cmr12!
Missing character: There is no ù in font cmr12!

Overfull \hbox (118.5869pt too wide) in paragraph at lines 71--74
\OT1/cmr/m/n/12 signed in-te-gers. In-te-ger vari-ables can be as-signed us-ing
 dec-i-mal (pos-i-tive and neg-a-tive),octalandhexadecimalnotations.Real
 []


Underfull \hbox (badness 10000) in paragraph at lines 71--74

 []


Underfull \hbox (badness 10000) in paragraph at lines 71--74

 []


Package Fancyhdr Warning: \headheight is too small (12.0pt): 
 Make it at least 18.0pt.
 We now make it that large for the rest of the document.
 This may cause the page layout to be inconsistent, however.

[19])

Package Fancyhdr Warning: \headheight is too small (12.0pt): 
 Make it at least 18.0pt.
 We now make it that large for the rest of the document.
 This may cause the page layout to be inconsistent, however.

[20] (./input/mysql.tex <images/mysql.png, id=509, 475.7775pt x 183.68625pt>
File: images/mysql.png Graphic file (type png)

<use images/mysql.png>
Package pdftex.def Info: images/mysql.png used on input line 1.
(pdftex.def)             Requested size: 285.46869pt x 110.21259pt.
Missing character: There is no ‚ in font cmr12!
Missing character: There is no Ä in font cmr12!
Missing character: There is no ù in font cmr12!
Missing character: There is no ‚ in font cmr12!
Missing character: There is no Ä in font cmr12!
Missing character: There is no ù in font cmr12!
Missing character: There is no ‚ in font cmr12!
Missing character: There is no Ä in font cmr12!
Missing character: There is no ù in font cmr12!
Missing character: There is no ‚ in font cmr12!
Missing character: There is no Ä in font cmr12!
Missing character: There is no ù in font cmr12!
Missing character: There is no ‚ in font cmr12!
Missing character: There is no Ä in font cmr12!
Missing character: There is no ù in font cmr12!
Missing character: There is no ‚ in font cmr12!
Missing character: There is no Ä in font cmr12!
Missing character: There is no ù in font cmr12!
Missing character: There is no ‚ in font cmr12!
Missing character: There is no Ä in font cmr12!
Missing character: There is no ù in font cmr12!
Missing character: There is no ‚ in font cmr12!
Missing character: There is no Ä in font cmr12!
Missing character: There is no ù in font cmr12!

Underfull \hbox (badness 10000) in paragraph at lines 2--8

 []


Underfull \hbox (badness 10000) in paragraph at lines 2--8

 []


Underfull \hbox (badness 10000) in paragraph at lines 2--8

 []


Underfull \hbox (badness 10000) in paragraph at lines 2--8

 []


Underfull \hbox (badness 10000) in paragraph at lines 2--8

 []


Underfull \hbox (badness 10000) in paragraph at lines 2--8

 []


Underfull \hbox (badness 10000) in paragraph at lines 9--11

 []


Underfull \hbox (badness 10000) in paragraph at lines 9--11

 []

Missing character: There is no ‚ in font cmr12!
Missing character: There is no Ä in font cmr12!
Missing character: There is no ù in font cmr12!
Missing character: There is no ‚ in font cmr12!
Missing character: There is no Ä in font cmr12!
Missing character: There is no ù in font cmr12!

Overfull \hbox (7.31584pt too wide) in paragraph at lines 12--17
\OT1/cmr/m/n/12 In PHP, this is done with the mysql con-nect() func-tion. Syn-t
ax mysql con-nect(servername,username) 
 []


Underfull \hbox (badness 10000) in paragraph at lines 12--17

 []


Package Fancyhdr Warning: \headheight is too small (12.0pt): 
 Make it at least 18.0pt.
 We now make it that large for the rest of the document.
 This may cause the page layout to be inconsistent, however.

[21 <./images/mysql.png>]
Missing character: There is no ‚ in font cmtt12!
Missing character: There is no Ä in font cmtt12!
Missing character: There is no ô in font cmtt12!
Missing character: There is no ‚ in font cmtt12!
Missing character: There is no Ä in font cmtt12!
Missing character: There is no ô in font cmtt12!

Underfull \hbox (badness 10000) in paragraph at lines 28--29

 []


Underfull \hbox (badness 10000) in paragraph at lines 28--29

 []

Missing character: There is no ‚ in font cmtt12!
Missing character: There is no Ä in font cmtt12!
Missing character: There is no ô in font cmtt12!
Missing character: There is no ‚ in font cmtt12!
Missing character: There is no Ä in font cmtt12!
Missing character: There is no ô in font cmtt12!
)

Package Fancyhdr Warning: \headheight is too small (12.0pt): 
 Make it at least 18.0pt.
 We now make it that large for the rest of the document.
 This may cause the page layout to be inconsistent, however.

[22] (./input/project.tex
Underfull \hbox (badness 10000) in paragraph at lines 3--6

 []


Underfull \hbox (badness 10000) in paragraph at lines 6--7

 []


Underfull \hbox (badness 10000) in paragraph at lines 11--13

 []


Underfull \hbox (badness 10000) in paragraph at lines 17--22

 []


Underfull \hbox (badness 10000) in paragraph at lines 17--22

 []


Underfull \hbox (badness 10000) in paragraph at lines 17--22

 []

<images/fp.png, id=519, 831.105pt x 748.7975pt>
File: images/fp.png Graphic file (type png)
 <use images/fp.png>
Package pdftex.def Info: images/fp.png used on input line 32.
(pdftex.def)             Requested size: 300.29344pt x 270.5495pt.


Package Fancyhdr Warning: \headheight is too small (12.0pt): 
 Make it at least 18.0pt.
 We now make it that large for the rest of the document.
 This may cause the page layout to be inconsistent, however.

[23] <images/phpadmin.png, id=524, 301.125pt x 211.79124pt>
File: images/phpadmin.png Graphic file (type png)

<use images/phpadmin.png>
Package pdftex.def Info: images/phpadmin.png used on input line 51.
(pdftex.def)             Requested size: 150.56212pt x 105.89536pt.

Underfull \hbox (badness 10000) in paragraph at lines 48--56

 []


Underfull \hbox (badness 10000) in paragraph at lines 48--56

 []


LaTeX Warning: `h' float specifier changed to `ht'.


Package Fancyhdr Warning: \headheight is too small (12.0pt): 
 Make it at least 18.0pt.
 We now make it that large for the rest of the document.
 This may cause the page layout to be inconsistent, however.

[24 <./images/fp.png>]

Package Fancyhdr Warning: \headheight is too small (12.0pt): 
 Make it at least 18.0pt.
 We now make it that large for the rest of the document.
 This may cause the page layout to be inconsistent, however.

[25 <./images/phpadmin.png>]
<images/record.png, id=534, 1371.1225pt x 770.88pt>
File: images/record.png Graphic file (type png)
 <use images/record.png>
Package pdftex.def Info: images/record.png used on input line 86.
(pdftex.def)             Requested size: 548.43929pt x 308.34654pt.

Overfull \hbox (47.95529pt too wide) in paragraph at lines 86--86
 [][] 
 []


Underfull \hbox (badness 10000) in paragraph at lines 84--87

 []

Missing character: There is no ‚ in font cmr12!
Missing character: There is no Ä in font cmr12!
Missing character: There is no ô in font cmr12!

Underfull \hbox (badness 10000) in paragraph at lines 97--102

 []


Package Fancyhdr Warning: \headheight is too small (12.0pt): 
 Make it at least 18.0pt.
 We now make it that large for the rest of the document.
 This may cause the page layout to be inconsistent, however.

[26 <./images/record.png>]
<images/typesetting.png, id=539, 1201.48875pt x 623.32875pt>
File: images/typesetting.png Graphic file (type png)

<use images/typesetting.png>
Package pdftex.def Info: images/typesetting.png used on input line 106.
(pdftex.def)             Requested size: 600.74292pt x 311.6636pt.

Overfull \hbox (100.25893pt too wide) in paragraph at lines 106--106
 [][] 
 []


Underfull \hbox (badness 10000) in paragraph at lines 103--107

 []


Underfull \hbox (badness 10000) in paragraph at lines 103--107

 []


LaTeX Warning: `h' float specifier changed to `ht'.


Underfull \hbox (badness 10000) in paragraph at lines 111--115

 []


Underfull \hbox (badness 10000) in paragraph at lines 111--115

 []

<images/psbox.png, id=540, 1277.77374pt x 706.64pt>
File: images/psbox.png Graphic file (type png)
 <use images/psbox.png>
Package pdftex.def Info: images/psbox.png used on input line 116.
(pdftex.def)             Requested size: 511.10045pt x 282.65099pt.

Overfull \hbox (10.61646pt too wide) in paragraph at lines 116--116
 [][] 
 []


LaTeX Warning: `h' float specifier changed to `ht'.


Underfull \hbox (badness 10000) in paragraph at lines 119--121

 []


Underfull \hbox (badness 10000) in paragraph at lines 119--121

 []


Package Fancyhdr Warning: \headheight is too small (12.0pt): 
 Make it at least 18.0pt.
 We now make it that large for the rest of the document.
 This may cause the page layout to be inconsistent, however.

[27] <images/device.png, id=545, 1088.065pt x 694.595pt>
File: images/device.png Graphic file (type png)

<use images/device.png>
Package pdftex.def Info: images/device.png used on input line 127.
(pdftex.def)             Requested size: 435.21829pt x 277.83307pt.


LaTeX Warning: `h' float specifier changed to `ht'.

Missing character: There is no ‚ in font cmr12!
Missing character: There is no Ä in font cmr12!
Missing character: There is no ô in font cmr12!
Missing character: There is no ‚ in font cmr12!
Missing character: There is no Ä in font cmr12!
Missing character: There is no ô in font cmr12!
<images/imp.png, id=546, 432.61626pt x 687.56876pt>
File: images/imp.png Graphic file (type png)
 <use images/imp.png>
Package pdftex.def Info: images/imp.png used on input line 133.
(pdftex.def)             Requested size: 86.52171pt x 137.5113pt.

Underfull \hbox (badness 10000) in paragraph at lines 130--134

 []


Package Fancyhdr Warning: \headheight is too small (12.0pt): 
 Make it at least 18.0pt.
 We now make it that large for the rest of the document.
 This may cause the page layout to be inconsistent, however.

[28 <./images/typesetting.png>]

LaTeX Warning: `h' float specifier changed to `ht'.


Overfull \hbox (86.1413pt too wide) in paragraph at lines 139--139
[]\OT1/cmtt/m/n/12 \usepackage[paperwidth=283mm,paperheight=460mm,left=0cm,top=
0cm,bottom=0cm,right=0cm]{geometry}[] 
 []


Overfull \hbox (197.29135pt too wide) in paragraph at lines 142--142
[]\OT1/cmtt/m/n/12 \includepdf[pages=-, signature=8,landscape]{cover8.pdf}  %Co
ver8 folder contains all pdf files without imposition[] 
 []


Overfull \hbox (86.1413pt too wide) in paragraph at lines 151--151
[]\OT1/cmtt/m/n/12 \usepackage[paperwidth=460mm,paperheight=566mm,left=0mm,top=
0mm,bottom=0mm,right=0mm]{geometry}[] 
 []


Package Fancyhdr Warning: \headheight is too small (12.0pt): 
 Make it at least 18.0pt.
 We now make it that large for the rest of the document.
 This may cause the page layout to be inconsistent, however.

[29 <./images/psbox.png>] <images/imp2.png, id=555, 518.93875pt x 638.385pt>
File: images/imp2.png Graphic file (type png)

<use images/imp2.png>
Package pdftex.def Info: images/imp2.png used on input line 158.
(pdftex.def)             Requested size: 155.68282pt x 191.51697pt.


LaTeX Warning: `h' float specifier changed to `ht'.


Package Fancyhdr Warning: \headheight is too small (12.0pt): 
 Make it at least 18.0pt.
 We now make it that large for the rest of the document.
 This may cause the page layout to be inconsistent, however.

[30 <./images/device.png> <./images/imp.png>]
<images/rgb.png, id=560, 396.48125pt x 400.49625pt>
File: images/rgb.png Graphic file (type png)
 <use images/rgb.png>
Package pdftex.def Info: images/rgb.png used on input line 165.
(pdftex.def)             Requested size: 118.94528pt x 120.1498pt.

Underfull \hbox (badness 10000) in paragraph at lines 163--166

 []


LaTeX Warning: `h' float specifier changed to `ht'.

<images/cmyk.png, id=561, 431.6125pt x 411.5375pt>
File: images/cmyk.png Graphic file (type png)
 <use images/cmyk.png>
Package pdftex.def Info: images/cmyk.png used on input line 170.
(pdftex.def)             Requested size: 129.48474pt x 123.4622pt.


Package Fancyhdr Warning: \headheight is too small (12.0pt): 
 Make it at least 18.0pt.
 We now make it that large for the rest of the document.
 This may cause the page layout to be inconsistent, however.

[31 <./images/imp2.png>] <images/rgbcmyk.jpeg, id=567, 321.2pt x 234.8775pt>
File: images/rgbcmyk.jpeg Graphic file (type jpg)

<use images/rgbcmyk.jpeg>
Package pdftex.def Info: images/rgbcmyk.jpeg used on input line 173.
(pdftex.def)             Requested size: 224.83847pt x 164.41312pt.
Missing character: There is no ‚ in font cmr12!
Missing character: There is no Ä in font cmr12!
Missing character: There is no ò in font cmr12!
Missing character: There is no ‚ in font cmr12!
Missing character: There is no Ä in font cmr12!
Missing character: There is no ô in font cmr12!
 <images/r1.png, id=568, 1305.87875pt x 746.79pt>
File: images/r1.png Graphic file (type png)

<use images/r1.png>
Package pdftex.def Info: images/r1.png used on input line 182.
(pdftex.def)             Requested size: 261.17113pt x 149.35535pt.

Underfull \hbox (badness 10000) in paragraph at lines 174--186

 []


Underfull \hbox (badness 10000) in paragraph at lines 174--186

 []


Underfull \hbox (badness 10000) in paragraph at lines 174--186

 []


Underfull \hbox (badness 10000) in paragraph at lines 174--186

 []


Underfull \hbox (badness 10000) in paragraph at lines 174--186

 []


Underfull \hbox (badness 10000) in paragraph at lines 174--186

 []


Underfull \hbox (badness 10000) in paragraph at lines 174--186

 []


Overfull \hbox (64.66615pt too wide) in paragraph at lines 174--186
\OT1/cmr/m/n/12 $ gs -dSAFER -dBATCH -dNOPAUSE -dNOCACHE -sDEVICE=pdfwrite -sCo
lorConversionStrategy=CMYK
 []


Underfull \hbox (badness 10000) in paragraph at lines 174--186

 []


Package Fancyhdr Warning: \headheight is too small (12.0pt): 
 Make it at least 18.0pt.
 We now make it that large for the rest of the document.
 This may cause the page layout to be inconsistent, however.

[32 <./images/rgb.png> <./images/cmyk.png> <./images/rgbcmyk.jpeg>]
<images/r2.png, id=573, 1305.87875pt x 746.79pt>
File: images/r2.png Graphic file (type png)
 <use images/r2.png>
Package pdftex.def Info: images/r2.png used on input line 191.
(pdftex.def)             Requested size: 261.17113pt x 149.35535pt.


LaTeX Warning: `h' float specifier changed to `ht'.

<images/r3.png, id=574, 1305.87875pt x 746.79pt>
File: images/r3.png Graphic file (type png)
 <use images/r3.png>
Package pdftex.def Info: images/r3.png used on input line 196.
(pdftex.def)             Requested size: 261.17113pt x 149.35535pt.

Underfull \hbox (badness 10000) in paragraph at lines 192--197

 []


LaTeX Warning: `h' float specifier changed to `ht'.


Underfull \hbox (badness 10000) in paragraph at lines 199--204

 []


Package Fancyhdr Warning: \headheight is too small (12.0pt): 
 Make it at least 18.0pt.
 We now make it that large for the rest of the document.
 This may cause the page layout to be inconsistent, however.

[33 <./images/r1.png>] <images/device_indp.png, id=580, 686.565pt x 574.145pt>
File: images/device_indp.png Graphic file (type png)

<use images/device_indp.png>
Package pdftex.def Info: images/device_indp.png used on input line 210.
(pdftex.def)             Requested size: 205.97108pt x 172.24483pt.


LaTeX Warning: `h' float specifier changed to `ht'.

<images/ps.png, id=581, 716.6775pt x 482.80376pt>
File: images/ps.png Graphic file (type png)
 <use images/ps.png>
Package pdftex.def Info: images/ps.png used on input line 213.
(pdftex.def)             Requested size: 215.00491pt x 144.84224pt.

Underfull \hbox (badness 10000) in paragraph at lines 211--214

 []


Package Fancyhdr Warning: \headheight is too small (12.0pt): 
 Make it at least 18.0pt.
 We now make it that large for the rest of the document.
 This may cause the page layout to be inconsistent, however.

[34 <./images/r2.png> <./images/r3.png>]

Package Fancyhdr Warning: \headheight is too small (12.0pt): 
 Make it at least 18.0pt.
 We now make it that large for the rest of the document.
 This may cause the page layout to be inconsistent, however.

[35 <./images/device_indp.png> <./images/ps.png>]
<images/rc.png, id=590, 1108.14pt x 746.79pt>
File: images/rc.png Graphic file (type png)
 <use images/rc.png>
Package pdftex.def Info: images/rc.png used on input line 218.
(pdftex.def)             Requested size: 400.38872pt x 269.82416pt.
)

Package Fancyhdr Warning: \headheight is too small (12.0pt): 
 Make it at least 18.0pt.
 We now make it that large for the rest of the document.
 This may cause the page layout to be inconsistent, however.

[36 <./images/rc.png>] (./input/result.tex
<images/All.png, id=595, 1305.87875pt x 746.79pt>
File: images/All.png Graphic file (type png)
 <use images/All.png>
Package pdftex.def Info: images/All.png used on input line 5.
(pdftex.def)             Requested size: 261.17113pt x 149.35535pt.

<images/2.png, id=596, 917.46765pt x 984.67876pt>
File: images/2.png Graphic file (type png)
 <use images/2.png>
Package pdftex.def Info: images/2.png used on input line 10.
(pdftex.def)             Requested size: 275.24242pt x 295.4059pt.


LaTeX Warning: `h' float specifier changed to `ht'.

)

Package Fancyhdr Warning: \headheight is too small (12.0pt): 
 Make it at least 18.0pt.
 We now make it that large for the rest of the document.
 This may cause the page layout to be inconsistent, however.

[37 <./images/All.png>] (./input/scope.tex

Package Fancyhdr Warning: \headheight is too small (12.0pt): 
 Make it at least 18.0pt.
 We now make it that large for the rest of the document.
 This may cause the page layout to be inconsistent, however.

[38 <./images/2.png>])

Package Fancyhdr Warning: \headheight is too small (12.0pt): 
 Make it at least 18.0pt.
 We now make it that large for the rest of the document.
 This may cause the page layout to be inconsistent, however.

[39] (./input/code.tex
Overfull \hbox (598.66655pt too wide) in paragraph at lines 13--13
[]\OT1/cmtt/m/n/12 if($add_vp=='V.P.O' or $add_vp=='vpo' or $add_vp=='VPO' or $
add_vp=='Vpo' or $add_vp=='V.P.O.' or $add_vp=='V.P.O-' or $add_vp=='v.p.o.' or
 $add_vp=='v.p.o' or $add_vp=='v po') {[] 
 []


Overfull \hbox (259.04138pt too wide) in paragraph at lines 36--36
[]\OT1/cmtt/m/n/12 $PrintFlag = 0 ;                                            
             // Print messages during development, if it is !=0[] 
 []


Overfull \hbox (98.4913pt too wide) in paragraph at lines 38--38
[]\OT1/cmtt/m/n/12 $PageWidth = 17.8; $PageHeight = 22.13;                     
                //Page specifications[] 
 []


Overfull \hbox (79.9663pt too wide) in paragraph at lines 40--40
[]\OT1/cmtt/m/n/12 $CommentX = 0; $CommentY = -6; $CommentWidth = "8.5cm";     
          //Comment Specifications[] 
 []


Overfull \hbox (79.9663pt too wide) in paragraph at lines 47--47
[]\OT1/cmtt/m/n/12 $PhotoX = 1; $PhotoY = 0; $PhotoWidth = "2.2cm";$PhotoHeight
="3.5cm";   //Photo specifications[] 
 []


Package Fancyhdr Warning: \headheight is too small (12.0pt): 
 Make it at least 18.0pt.
 We now make it that large for the rest of the document.
 This may cause the page layout to be inconsistent, however.

[40]
Overfull \hbox (154.06633pt too wide) in paragraph at lines 49--49
[]\OT1/cmtt/m/n/12 $itemInSequence = 8 ;                                       
           // Name, FN, MN, address, Email etc[] 
 []


Overfull \hbox (79.9663pt too wide) in paragraph at lines 54--54
[]\OT1/cmtt/m/n/12 $OffSetX = 0; $StartX = 0 ; $ScaleX = 1;                    
             //X-coord of the page[] 
 []


Overfull \hbox (67.61629pt too wide) in paragraph at lines 55--55
[]\OT1/cmtt/m/n/12 $OffSetY = 0; $StartY = $PageHeight; $ScaleY = 1;           
           //Y-coord of the page[] 
 []


Overfull \hbox (221.99136pt too wide) in paragraph at lines 57--57
[]\OT1/cmtt/m/n/12 $Columns = 2; $Rows = 5; $RecordPerPage = $Columns * $Rows; 
            //No. of rows,columns and records on one page[] 
 []


Overfull \hbox (135.54132pt too wide) in paragraph at lines 61--61
[]\OT1/cmtt/m/n/12 $BoxX = $PageWidth / $Columns; $BoxY = $PageHeight / $Rows; 
// X and Y coord. of a box of single record[] 
 []


Package Fancyhdr Warning: \headheight is too small (12.0pt): 
 Make it at least 18.0pt.
 We now make it that large for the rest of the document.
 This may cause the page layout to be inconsistent, however.

[41]
Overfull \hbox (49.09128pt too wide) in paragraph at lines 113--113
[]\OT1/cmtt/m/n/12 echo "\\rput[c|](8.9,22.7){{\includegraphics[width=22.2cm]{h
eadfoot/sgeachithead.eps}}}";[] 
 []


Package Fancyhdr Warning: \headheight is too small (12.0pt): 
 Make it at least 18.0pt.
 We now make it that large for the rest of the document.
 This may cause the page layout to be inconsistent, however.

[42]
Overfull \hbox (49.09128pt too wide) in paragraph at lines 182--182
[]   \OT1/cmtt/m/n/12 $rowRai[$SEDi] = str_replace($OrgText[$SEDj] , $ReplacedT
ext[$SEDj] , $rowRai[$SEDi]);[] 
 []


Overfull \hbox (172.59134pt too wide) in paragraph at lines 191--191
[]\OT1/cmtt/m/n/12 // =========================================================
======== Basic personal information =============[] 
 []


Package Fancyhdr Warning: \headheight is too small (12.0pt): 
 Make it at least 18.0pt.
 We now make it that large for the rest of the document.
 This may cause the page layout to be inconsistent, however.

[43]
Overfull \hbox (110.84131pt too wide) in paragraph at lines 204--204
[]\OT1/cmtt/m/n/12 $Bx[$item] = $BoxI1+$tox + $PhotoWidth + ( ( ($PageWidth / $
Columns) - $PhotoWidth) / 2.) + $Gap2X;[] 
 []


Overfull \hbox (265.21638pt too wide) in paragraph at lines 241--241
[]\OT1/cmtt/m/n/12 echo "{\psframebox[linecolor=white,linestyle=dotted,dotsep=1
00pt,linewidth=0pt]{\parbox[l]{{$PerInfoWidth}}{\\raggedright ";[] 
 []


Package Fancyhdr Warning: \headheight is too small (12.0pt): 
 Make it at least 18.0pt.
 We now make it that large for the rest of the document.
 This may cause the page layout to be inconsistent, however.

[44]
Overfull \hbox (49.09128pt too wide) in paragraph at lines 249--249
[]\OT1/cmtt/m/n/12 echo"\mbox{";echo $rowRai[6],"}"; echo " "; echo"\\\\Ph. "; 
echo $rowRai[7]; echo "\\\\";[] 
 []


Overfull \hbox (129.36632pt too wide) in paragraph at lines 258--258
[]\OT1/cmtt/m/n/12 // Coordinates of Photo and Comment ========================
==========================================[] 
 []


Overfull \hbox (141.71632pt too wide) in paragraph at lines 285--285
[]\OT1/cmtt/m/n/12 echo "{\psframebox[framesep=0pt,boxsep=false,linecolor=white
]{\parbox[c]{{$PhotoWidth}}{\\raggedright ";[] 
 []


Package Fancyhdr Warning: \headheight is too small (12.0pt): 
 Make it at least 18.0pt.
 We now make it that large for the rest of the document.
 This may cause the page layout to be inconsistent, however.

[45]
Overfull \hbox (5.86626pt too wide) in paragraph at lines 293--293
[]\OT1/cmtt/m/n/12 // ===================================================== Com
ment =================[] 
 []


Overfull \hbox (277.56639pt too wide) in paragraph at lines 295--295
[]\OT1/cmtt/m/n/12 //echo "{\psframebox[framesep=1pt,boxsep=false,linewidth=0pt
,linestyle=dotted,linecolor=white]{\parbox[t]{{$CommentWidth}}{ ";[] 
 []


Overfull \hbox (339.31642pt too wide) in paragraph at lines 296--296
[]\OT1/cmtt/m/n/12 echo "{\psframebox[framesep=1pt,boxsep=false,linecolor=white
,linestyle=dotted,dotsep=100pt,linewidth=0pt]{\parbox[t]{{$CommentWidth}}{";[] 

 []


Overfull \hbox (18.21626pt too wide) in paragraph at lines 302--302
[]\OT1/cmtt/m/n/12 echo "\\rput[c|](8.9,-0.63){{\includegraphics[width=22.2cm]{
headfoot/footer.eps}}}";[] 
 []


Overfull \hbox (203.46635pt too wide) in paragraph at lines 328--328
[]\OT1/cmtt/m/n/12 \usepackage[paperwidth=230mm, paperheight=283mm, left=16.1mm
, top=26.85mm, bottom=34.85mm, right=36.1mm]{geometry}[] 
 []


Package Fancyhdr Warning: \headheight is too small (12.0pt): 
 Make it at least 18.0pt.
 We now make it that large for the rest of the document.
 This may cause the page layout to be inconsistent, however.

[46])

Package Fancyhdr Warning: \headheight is too small (12.0pt): 
 Make it at least 18.0pt.
 We now make it that large for the rest of the document.
 This may cause the page layout to be inconsistent, however.

[47] (./input/bibliography.tex
Missing character: There is no ‚ in font cmr12!
Missing character: There is no Ä in font cmr12!
Missing character: There is no ú in font cmr12!
Missing character: There is no ‚ in font cmr12!
Missing character: There is no Ä in font cmr12!
Missing character: There is no ù in font cmr12!
) 
AED: lastpage setting LastPage

Package Fancyhdr Warning: \headheight is too small (12.0pt): 
 Make it at least 18.0pt.
 We now make it that large for the rest of the document.
 This may cause the page layout to be inconsistent, however.

[48pdfTeX warning (ext4): destination with the same identifier (name{cite.}) ha
s been already used, duplicate ignored

\AtBegShi@Output ...ipout \box \AtBeginShipoutBox 
                                                  \fi \fi 
l.93 \end{document}
                   pdfTeX warning (ext4): destination with the same identifier 
(name{cite.}) has been already used, duplicate ignored

\AtBegShi@Output ...ipout \box \AtBeginShipoutBox 
                                                  \fi \fi 
l.93 \end{document}
                   pdfTeX warning (ext4): destination with the same identifier 
(name{cite.}) has been already used, duplicate ignored

\AtBegShi@Output ...ipout \box \AtBeginShipoutBox 
                                                  \fi \fi 
l.93 \end{document}
                   pdfTeX warning (ext4): destination with the same identifier 
(name{cite.}) has been already used, duplicate ignored

\AtBegShi@Output ...ipout \box \AtBeginShipoutBox 
                                                  \fi \fi 
l.93 \end{document}
                   ]
Package atveryend Info: Empty hook `BeforeClearDocument' on input line 93.
Package atveryend Info: Empty hook `AfterLastShipout' on input line 93.
 (./report.aux)
Package atveryend Info: Executing hook `AtVeryEndDocument' on input line 93.
Package atveryend Info: Executing hook `AtEndAfterFileList' on input line 93.
Package rerunfilecheck Info: File `report.out' has not changed.
(rerunfilecheck)             Checksum: DA5852EC85727D74AA9859F235424D5F;3863.


LaTeX Warning: There were multiply-defined labels.

Package atveryend Info: Empty hook `AtVeryVeryEnd' on input line 93.
 ) 
Here is how much of TeX's memory you used:
 7016 strings out of 493307
 101532 string characters out of 6139904
 189263 words of memory out of 5000000
 10157 multiletter control sequences out of 15000+600000
 16140 words of font info for 61 fonts, out of 8000000 for 9000
 957 hyphenation exceptions out of 8191
 36i,14n,43p,1057b,461s stack positions out of 5000i,500n,10000p,200000b,80000s
</usr/share/texlive/texmf-dist/fonts/type1/public/amsfonts/cm/cmbx10.pfb></us
r/share/texlive/texmf-dist/fonts/type1/public/amsfonts/cm/cmbx12.pfb></usr/shar
e/texlive/texmf-dist/fonts/type1/public/amsfonts/cm/cmbx8.pfb></usr/share/texli
ve/texmf-dist/fonts/type1/public/amsfonts/cm/cmmi12.pfb></usr/share/texlive/tex
mf-dist/fonts/type1/public/amsfonts/cm/cmmi8.pfb></usr/share/texlive/texmf-dist
/fonts/type1/public/amsfonts/cm/cmr12.pfb></usr/share/texlive/texmf-dist/fonts/
type1/public/amsfonts/cm/cmr17.pfb></usr/share/texlive/texmf-dist/fonts/type1/p
ublic/amsfonts/cm/cmr8.pfb></usr/share/texlive/texmf-dist/fonts/type1/public/am
sfonts/cm/cmsl12.pfb></usr/share/texlive/texmf-dist/fonts/type1/public/amsfonts
/cm/cmsl8.pfb></usr/share/texlive/texmf-dist/fonts/type1/public/amsfonts/cm/cms
y10.pfb></usr/share/texlive/texmf-dist/fonts/type1/public/amsfonts/cm/cmti10.pf
b></usr/share/texlive/texmf-dist/fonts/type1/public/amsfonts/cm/cmti12.pfb></us
r/share/texlive/texmf-dist/fonts/type1/public/amsfonts/cm/cmtt12.pfb>
Output written on report.pdf (54 pages, 7319590 bytes).
PDF statistics:
 733 PDF objects out of 1000 (max. 8388607)
 614 compressed objects within 7 object streams
 150 named destinations out of 1000 (max. 500000)
 640 words of extra memory for PDF output out of 10000 (max. 10000000)

